<?xml version="1.0" encoding="UTF-8"?>
<testsuite name="com.facu.restfake.RestfakeApplicationTests" tests="1" skipped="0" failures="0" errors="0" timestamp="2023-09-27T13:49:57" hostname="MacBook-Pro-de-Franco.local" time="0.293">
  <properties/>
  <testcase name="contextLoads()" classname="com.facu.restfake.RestfakeApplicationTests" time="0.293"/>
  <system-out><![CDATA[10:49:55.642 [Test worker] INFO org.springframework.test.context.support.AnnotationConfigContextLoaderUtils -- Could not detect default configuration classes for test class [com.facu.restfake.RestfakeApplicationTests]: RestfakeApplicationTests does not declare any static, non-private, non-final, nested classes annotated with @Configuration.
10:49:55.678 [Test worker] INFO org.springframework.boot.test.context.SpringBootTestContextBootstrapper -- Found @SpringBootConfiguration com.facu.restfake.RestfakeApplication for test class com.facu.restfake.RestfakeApplicationTests

  .   ____          _            __ _ _
 /\\ / ___'_ __ _ _(_)_ __  __ _ \ \ \ \
( ( )\___ | '_ | '_| | '_ \/ _` | \ \ \ \
 \\/  ___)| |_)| | | | | || (_| |  ) ) ) )
  '  |____| .__|_| |_|_| |_\__, | / / / /
 =========|_|==============|___/=/_/_/_/
 :: Spring Boot ::                (v3.1.3)

2023-09-27T10:49:55.821-03:00  INFO 18704 --- [    Test worker] c.f.restfake.RestfakeApplicationTests    : Starting RestfakeApplicationTests using Java 21 with PID 18704 (started by francobertoldi in /Users/francobertoldi/Desktop/Diseño de Sistemas/ClaseFake)
2023-09-27T10:49:55.822-03:00  INFO 18704 --- [    Test worker] c.f.restfake.RestfakeApplicationTests    : No active profile set, falling back to 1 default profile: "default"
2023-09-27T10:49:56.115-03:00  INFO 18704 --- [    Test worker] .s.d.r.c.RepositoryConfigurationDelegate : Bootstrapping Spring Data JPA repositories in DEFAULT mode.
2023-09-27T10:49:56.142-03:00  INFO 18704 --- [    Test worker] .s.d.r.c.RepositoryConfigurationDelegate : Finished Spring Data repository scanning in 24 ms. Found 2 JPA repository interfaces.
2023-09-27T10:49:56.324-03:00  INFO 18704 --- [    Test worker] o.hibernate.jpa.internal.util.LogHelper  : HHH000204: Processing PersistenceUnitInfo [name: default]
2023-09-27T10:49:56.348-03:00  INFO 18704 --- [    Test worker] org.hibernate.Version                    : HHH000412: Hibernate ORM core version 6.2.7.Final
2023-09-27T10:49:56.349-03:00  INFO 18704 --- [    Test worker] org.hibernate.cfg.Environment            : HHH000406: Using bytecode reflection optimizer
2023-09-27T10:49:56.401-03:00  INFO 18704 --- [    Test worker] o.h.b.i.BytecodeProviderInitiator        : HHH000021: Bytecode provider name : bytebuddy
2023-09-27T10:49:56.454-03:00  INFO 18704 --- [    Test worker] o.s.o.j.p.SpringPersistenceUnitInfo      : No LoadTimeWeaver setup: ignoring JPA class transformer
2023-09-27T10:49:56.460-03:00  INFO 18704 --- [    Test worker] com.zaxxer.hikari.HikariDataSource       : HikariPool-1 - Starting...
2023-09-27T10:49:56.541-03:00  INFO 18704 --- [    Test worker] com.zaxxer.hikari.pool.HikariPool        : HikariPool-1 - Added connection conn0: url=jdbc:h2:mem:./betodb user=SA
2023-09-27T10:49:56.542-03:00  INFO 18704 --- [    Test worker] com.zaxxer.hikari.HikariDataSource       : HikariPool-1 - Start completed.
2023-09-27T10:49:56.625-03:00  INFO 18704 --- [    Test worker] o.h.b.i.BytecodeProviderInitiator        : HHH000021: Bytecode provider name : bytebuddy
2023-09-27T10:49:56.873-03:00  INFO 18704 --- [    Test worker] o.h.e.t.j.p.i.JtaPlatformInitiator       : HHH000490: Using JtaPlatform implementation: [org.hibernate.engine.transaction.jta.platform.internal.NoJtaPlatform]
Hibernate: create table product (id bigint generated by default as identity, categoria varchar(255), description varchar(255), url_imagen varchar(255), precio_compra numeric(10,2), titulo varchar(255), rating_id bigint, primary key (id))
Hibernate: create table rating (id bigint generated by default as identity, contador integer, rating numeric(10,2), primary key (id))
Hibernate: alter table if exists product drop constraint if exists UK_cpl5yf6l3nfpoocekhwt1pcdi
Hibernate: alter table if exists product add constraint UK_cpl5yf6l3nfpoocekhwt1pcdi unique (rating_id)
Hibernate: alter table if exists product add constraint FKl8l8p9w68qipyh361bad6cv68 foreign key (rating_id) references rating
2023-09-27T10:49:56.901-03:00  INFO 18704 --- [    Test worker] j.LocalContainerEntityManagerFactoryBean : Initialized JPA EntityManagerFactory for persistence unit 'default'
2023-09-27T10:49:57.114-03:00  WARN 18704 --- [    Test worker] JpaBaseConfiguration$JpaWebConfiguration : spring.jpa.open-in-view is enabled by default. Therefore, database queries may be performed during view rendering. Explicitly configure spring.jpa.open-in-view to disable this warning
2023-09-27T10:49:57.269-03:00  INFO 18704 --- [    Test worker] o.s.b.a.h2.H2ConsoleAutoConfiguration    : H2 console available at '/h2-console'. Database available at 'jdbc:h2:mem:./betodb'
2023-09-27T10:49:57.293-03:00  INFO 18704 --- [    Test worker] c.f.restfake.RestfakeApplicationTests    : Started RestfakeApplicationTests in 1.56 seconds (process running for 2.029)
]]></system-out>
  <system-err><![CDATA[WARNING: A Java agent has been loaded dynamically (/Users/francobertoldi/.gradle/caches/modules-2/files-2.1/net.bytebuddy/byte-buddy-agent/1.14.6/46e2545d7a97b6ccb195621650c5957279eb4812/byte-buddy-agent-1.14.6.jar)
WARNING: If a serviceability tool is in use, please run with -XX:+EnableDynamicAgentLoading to hide this warning
WARNING: If a serviceability tool is not in use, please run with -Djdk.instrument.traceUsage for more information
WARNING: Dynamic loading of agents will be disallowed by default in a future release
]]></system-err>
</testsuite>
